<?xml version="1.0" encoding="UTF-8"?>
<testsuite name="unsw.test.ArchaicFsTest" tests="9" skipped="0" failures="0" errors="0" timestamp="2022-05-29T09:20:19" hostname="wagner" time="0.055">
  <properties/>
  <testcase name="testCdInvalidDirectory()" classname="unsw.test.ArchaicFsTest" time="0.03"/>
  <testcase name="testCdRootDir()" classname="unsw.test.ArchaicFsTest" time="0.007"/>
  <testcase name="testTruncateAppend()" classname="unsw.test.ArchaicFsTest" time="0.001"/>
  <testcase name="testNotCreateAFile()" classname="unsw.test.ArchaicFsTest" time="0.002"/>
  <testcase name="testCreateFile()" classname="unsw.test.ArchaicFsTest" time="0.001"/>
  <testcase name="testCdFile()" classname="unsw.test.ArchaicFsTest" time="0.001"/>
  <testcase name="testCdValidDirectory()" classname="unsw.test.ArchaicFsTest" time="0.002"/>
  <testcase name="testAppendFile()" classname="unsw.test.ArchaicFsTest" time="0.002"/>
  <testcase name="testCdAroundPaths()" classname="unsw.test.ArchaicFsTest" time="0.001"/>
  <system-out><![CDATA[]]></system-out>
  <system-err><![CDATA[]]></system-err>
</testsuite>
